<?xml version="1.0" encoding="UTF-8"?>
<!-- Generated by org.testng.reporters.JUnitXMLReporter -->
<testsuite ignored="0" hostname="DESKTOP-OANSG05" failures="0" tests="1" name="FireFoxTest" time="0.038" errors="0" timestamp="2022-01-31T21:14:48 EST">
  <testcase classname="BootCamp.AutomationProjects.MultiBrowsers" name="@BeforeTest beforeTest" time="-1.643681688377E9">
    <failure type="org.testng.TestNGException" message="
Can inject only one of &amp;lt;ITestContext, XmlTest&amp;gt; into a @BeforeTest annotated beforeTest.
For more information on native dependency injection please refer to https://testng.org/doc/documentation-main.html#native-dependency-injection">
      <![CDATA[org.testng.TestNGException: 
Can inject only one of <ITestContext, XmlTest> into a @BeforeTest annotated beforeTest.
For more information on native dependency injection please refer to https://testng.org/doc/documentation-main.html#native-dependency-injection
... Removed 21 stack frames]]>
    </failure>
  </testcase> <!-- @BeforeTest beforeTest -->
  <testcase classname="BootCamp.AutomationProjects.MultiBrowsers" name="@AfterTest afterTest" time="-1.643681688409E9">
    <skipped/>
  </testcase> <!-- @AfterTest afterTest -->
  <testcase classname="BootCamp.AutomationProjects.MultiBrowsers" name="f" time="0.0">
    <skipped/>
  </testcase> <!-- f -->
</testsuite> <!-- FireFoxTest -->
