<?xml version="1.0" encoding="UTF-8"?>
<testng-results ignored="0" total="3" passed="3" failed="0" skipped="0">
  <reporter-output>
  </reporter-output>
  <suite started-at="2022-02-01T00:14:24 EST" name="Suite" finished-at="2022-02-01T00:14:35 EST" duration-ms="11149">
    <groups>
    </groups>
    <test started-at="2022-02-01T00:14:24 EST" name="Test on Chrome" finished-at="2022-02-01T00:14:29 EST" duration-ms="4782">
      <class name="BootCamp.AutomationProjects.BrowsersTest">
        <test-method signature="setUpBrowser(java.lang.String)[pri:0, instance:BootCamp.AutomationProjects.BrowsersTest@1649b0e6]" started-at="2022-02-01T00:14:24 EST" name="setUpBrowser" finished-at="2022-02-01T00:14:29 EST" duration-ms="4757" status="PASS">
          <params>
            <param index="0">
              <value>
                <![CDATA[chrome]]>
              </value>
            </param>
          </params>
          <reporter-output>
          </reporter-output>
        </test-method> <!-- setUpBrowser -->
      </class> <!-- BootCamp.AutomationProjects.BrowsersTest -->
    </test> <!-- Test on Chrome -->
    <test started-at="2022-02-01T00:14:24 EST" name="Test on Edge" finished-at="2022-02-01T00:14:33 EST" duration-ms="8810">
      <class name="BootCamp.AutomationProjects.BrowsersTest">
        <test-method signature="setUpBrowser(java.lang.String)[pri:0, instance:BootCamp.AutomationProjects.BrowsersTest@3059cbc]" started-at="2022-02-01T00:14:24 EST" name="setUpBrowser" finished-at="2022-02-01T00:14:33 EST" duration-ms="8791" status="PASS">
          <params>
            <param index="0">
              <value>
                <![CDATA[Edge]]>
              </value>
            </param>
          </params>
          <reporter-output>
          </reporter-output>
        </test-method> <!-- setUpBrowser -->
      </class> <!-- BootCamp.AutomationProjects.BrowsersTest -->
    </test> <!-- Test on Edge -->
    <test started-at="2022-02-01T00:14:29 EST" name="Test on Firefox" finished-at="2022-02-01T00:14:35 EST" duration-ms="6322">
      <class name="BootCamp.AutomationProjects.BrowsersTest">
        <test-method signature="setUpBrowser(java.lang.String)[pri:0, instance:BootCamp.AutomationProjects.BrowsersTest@ea6147e]" started-at="2022-02-01T00:14:29 EST" name="setUpBrowser" finished-at="2022-02-01T00:14:35 EST" duration-ms="6321" status="PASS">
          <params>
            <param index="0">
              <value>
                <![CDATA[Firefox]]>
              </value>
            </param>
          </params>
          <reporter-output>
          </reporter-output>
        </test-method> <!-- setUpBrowser -->
      </class> <!-- BootCamp.AutomationProjects.BrowsersTest -->
    </test> <!-- Test on Firefox -->
  </suite> <!-- Suite -->
</testng-results>
