<?xml version="1.0" encoding="UTF-8"?>
<testng-results ignored="0" total="1" passed="1" failed="0" skipped="0">
  <reporter-output>
  </reporter-output>
  <suite started-at="2022-02-12T16:41:12 EST" name="Default suite" finished-at="2022-02-12T16:41:26 EST" duration-ms="14154">
    <groups>
    </groups>
    <test started-at="2022-02-12T16:41:12 EST" name="Default test" finished-at="2022-02-12T16:41:26 EST" duration-ms="14154">
      <class name="BootCamp.AutomationProjects.ExpediaTest">
        <test-method is-config="true" signature="beforeTest()[pri:0, instance:BootCamp.AutomationProjects.ExpediaTest@33990a0c]" started-at="2022-02-12T16:41:12 EST" name="beforeTest" finished-at="2022-02-12T16:41:19 EST" duration-ms="6720" status="PASS">
          <reporter-output>
          </reporter-output>
        </test-method> <!-- beforeTest -->
        <test-method signature="f()[pri:0, instance:BootCamp.AutomationProjects.ExpediaTest@33990a0c]" started-at="2022-02-12T16:41:19 EST" name="f" finished-at="2022-02-12T16:41:20 EST" duration-ms="1381" status="PASS">
          <reporter-output>
          </reporter-output>
        </test-method> <!-- f -->
        <test-method is-config="true" signature="afterTest()[pri:0, instance:BootCamp.AutomationProjects.ExpediaTest@33990a0c]" started-at="2022-02-12T16:41:20 EST" name="afterTest" finished-at="2022-02-12T16:41:26 EST" duration-ms="6007" status="PASS">
          <reporter-output>
          </reporter-output>
        </test-method> <!-- afterTest -->
      </class> <!-- BootCamp.AutomationProjects.ExpediaTest -->
    </test> <!-- Default test -->
  </suite> <!-- Default suite -->
</testng-results>
