<?xml version="1.0" encoding="UTF-8"?>
<!-- Generated by org.testng.reporters.JUnitXMLReporter -->
<testsuite ignored="0" hostname="DESKTOP-OANSG05" failures="1" tests="1" name="RegressionOfEdge" time="1.43" errors="0" timestamp="2022-02-08T18:29:37 EST">
  <testcase classname="BootCamp.AutomationProjects.BrowsersTest" name="setUpBrowser" time="1.426">
    <failure type="org.openqa.selenium.SessionNotCreatedException" message="session not created: This version of MSEdgeDriver only supports MSEdge version 96
Current browser version is 98.0.1108.43 with binary path C:\Program Files (x86)\Microsoft\Edge\Application\msedge.exe
Build info: version: &amp;apos;3.141.59&amp;apos;, revision: &amp;apos;e82be7d358&amp;apos;, time: &amp;apos;2018-11-14T08:17:03&amp;apos;
System info: host: &amp;apos;DESKTOP-OANSG05&amp;apos;, ip: &amp;apos;192.168.1.158&amp;apos;, os.name: &amp;apos;Windows 10&amp;apos;, os.arch: &amp;apos;amd64&amp;apos;, os.version: &amp;apos;10.0&amp;apos;, java.version: &amp;apos;16.0.1&amp;apos;
Driver info: driver.version: EdgeDriver
remote stacktrace: Backtrace:
	Microsoft::Applications::Events::ILogConfiguration::ILogConfiguration [0x00007FF7A409CB62+56946]
	Microsoft::Applications::Events::EventProperty::to_string [0x00007FF7A3CCA597+949863]
	Microsoft::Applications::Events::EventProperty::to_string [0x00007FF7A3CF4BE3+1123507]
	Microsoft::Applications::Events::EventProperty::to_string [0x00007FF7A3CF12B5+1108869]
	Microsoft::Applications::Events::EventProperty::to_string [0x00007FF7A3CEA3D0+1080480]
	Microsoft::Applications::Events::EventProperty::to_string [0x00007FF7A3D26378+1326152]
	Microsoft::Applications::Events::EventProperty::to_string [0x00007FF7A3D213BF+1305743]
	Microsoft::Applications::Events::EventProperty::to_string [0x00007FF7A3CF6AA9+1131385]
	Microsoft::Applications::Events::EventProperty::to_string [0x00007FF7A3CF7B8F+1135711]
	Microsoft::Applications::Events::EventProperty::to_string [0x00007FF7A3D8C2E5+1743797]
	Microsoft::Applications::Events::EventProperty::to_string [0x00007FF7A3D8A771+1736769]
	Microsoft::Applications::Events::EventProperty::EventProperty [0x00007FF7A3F6B519+2521]
	Microsoft::Applications::Events::EventProperty::to_string [0x00007FF7A3D620AE+1571198]
	Microsoft::Applications::Events::ILogConfiguration::ILogConfiguration [0x00007FF7A409576C+27260]
	Microsoft::Applications::Events::ILogConfiguration::ILogConfiguration [0x00007FF7A40950E4+25588]
	Microsoft::Applications::Events::ILogConfiguration::ILogConfiguration [0x00007FF7A4094F36+25158]
	Microsoft::Applications::Events::EventProperties::GetName [0x00007FF7A3FF02DC+211724]
	BaseThreadInitThunk [0x00007FF9ED567034+20]
	RtlUserThreadStart [0x00007FF9EDEE2651+33]
">
      <![CDATA[org.openqa.selenium.SessionNotCreatedException: session not created: This version of MSEdgeDriver only supports MSEdge version 96
Current browser version is 98.0.1108.43 with binary path C:\Program Files (x86)\Microsoft\Edge\Application\msedge.exe
Build info: version: '3.141.59', revision: 'e82be7d358', time: '2018-11-14T08:17:03'
System info: host: 'DESKTOP-OANSG05', ip: '192.168.1.158', os.name: 'Windows 10', os.arch: 'amd64', os.version: '10.0', java.version: '16.0.1'
Driver info: driver.version: EdgeDriver
remote stacktrace: Backtrace:
Microsoft::Applications::Events::ILogConfiguration::ILogConfiguration [0x00007FF7A409CB62+56946]
Microsoft::Applications::Events::EventProperty::to_string [0x00007FF7A3CCA597+949863]
Microsoft::Applications::Events::EventProperty::to_string [0x00007FF7A3CF4BE3+1123507]
Microsoft::Applications::Events::EventProperty::to_string [0x00007FF7A3CF12B5+1108869]
Microsoft::Applications::Events::EventProperty::to_string [0x00007FF7A3CEA3D0+1080480]
Microsoft::Applications::Events::EventProperty::to_string [0x00007FF7A3D26378+1326152]
Microsoft::Applications::Events::EventProperty::to_string [0x00007FF7A3D213BF+1305743]
Microsoft::Applications::Events::EventProperty::to_string [0x00007FF7A3CF6AA9+1131385]
Microsoft::Applications::Events::EventProperty::to_string [0x00007FF7A3CF7B8F+1135711]
Microsoft::Applications::Events::EventProperty::to_string [0x00007FF7A3D8C2E5+1743797]
Microsoft::Applications::Events::EventProperty::to_string [0x00007FF7A3D8A771+1736769]
Microsoft::Applications::Events::EventProperty::EventProperty [0x00007FF7A3F6B519+2521]
Microsoft::Applications::Events::EventProperty::to_string [0x00007FF7A3D620AE+1571198]
Microsoft::Applications::Events::ILogConfiguration::ILogConfiguration [0x00007FF7A409576C+27260]
Microsoft::Applications::Events::ILogConfiguration::ILogConfiguration [0x00007FF7A40950E4+25588]
Microsoft::Applications::Events::ILogConfiguration::ILogConfiguration [0x00007FF7A4094F36+25158]
Microsoft::Applications::Events::EventProperties::GetName [0x00007FF7A3FF02DC+211724]
BaseThreadInitThunk [0x00007FF9ED567034+20]
RtlUserThreadStart [0x00007FF9EDEE2651+33]

at org.openqa.selenium.remote.W3CHandshakeResponse.lambda$errorHandler$0(W3CHandshakeResponse.java:62)
at org.openqa.selenium.remote.HandshakeResponse.lambda$getResponseFunction$0(HandshakeResponse.java:30)
at org.openqa.selenium.remote.ProtocolHandshake.lambda$createSession$0(ProtocolHandshake.java:126)
at java.base/java.util.stream.ReferencePipeline$3$1.accept(ReferencePipeline.java:197)
at java.base/java.util.Spliterators$ArraySpliterator.tryAdvance(Spliterators.java:958)
at java.base/java.util.stream.ReferencePipeline.forEachWithCancel(ReferencePipeline.java:129)
at java.base/java.util.stream.AbstractPipeline.copyIntoWithCancel(AbstractPipeline.java:502)
at java.base/java.util.stream.AbstractPipeline.copyInto(AbstractPipeline.java:488)
at java.base/java.util.stream.AbstractPipeline.wrapAndCopyInto(AbstractPipeline.java:474)
at java.base/java.util.stream.FindOps$FindOp.evaluateSequential(FindOps.java:150)
at java.base/java.util.stream.AbstractPipeline.evaluate(AbstractPipeline.java:234)
at java.base/java.util.stream.ReferencePipeline.findFirst(ReferencePipeline.java:647)
at org.openqa.selenium.remote.ProtocolHandshake.createSession(ProtocolHandshake.java:128)
at org.openqa.selenium.remote.ProtocolHandshake.createSession(ProtocolHandshake.java:74)
at org.openqa.selenium.remote.HttpCommandExecutor.execute(HttpCommandExecutor.java:136)
at org.openqa.selenium.remote.service.DriverCommandExecutor.execute(DriverCommandExecutor.java:83)
at org.openqa.selenium.remote.RemoteWebDriver.execute(RemoteWebDriver.java:552)
at org.openqa.selenium.remote.RemoteWebDriver.startSession(RemoteWebDriver.java:213)
at org.openqa.selenium.remote.RemoteWebDriver.<init>(RemoteWebDriver.java:131)
at org.openqa.selenium.edge.EdgeDriver.<init>(EdgeDriver.java:141)
at org.openqa.selenium.edge.EdgeDriver.<init>(EdgeDriver.java:96)
at BootCamp.AutomationProjects.BrowsersTest.setUpBrowser(BrowsersTest.java:66)
at java.base/java.util.ArrayList.forEach(ArrayList.java:1511)
... Removed 32 stack frames]]>
    </failure>
  </testcase> <!-- setUpBrowser -->
</testsuite> <!-- RegressionOfEdge -->
